0 info it worked if it ends with ok
1 verbose cli [ 'C:\\Program Files\\nodejs\\node.exe',
1 verbose cli   'C:\\Program Files\\nodejs\\node_modules\\npm\\bin\\npm-cli.js',
1 verbose cli   'start' ]
2 info using npm@3.10.10
3 info using node@v6.11.3
4 verbose run-script [ 'prestart', 'start', 'poststart' ]
5 info lifecycle DataCrypt@1.0.0~prestart: DataCrypt@1.0.0
6 silly lifecycle DataCrypt@1.0.0~prestart: no script for prestart, continuing
7 info lifecycle DataCrypt@1.0.0~start: DataCrypt@1.0.0
8 verbose lifecycle DataCrypt@1.0.0~start: unsafe-perm in lifecycle true
9 verbose lifecycle DataCrypt@1.0.0~start: PATH: C:\Program Files\nodejs\node_modules\npm\bin\node-gyp-bin;D:\GIKI\STUDY\Semester 8\FYP\DataCrypt\node_modules\.bin;C:\app\Usman\product\11.1.0\db_1\bin;C:\Program Files\Python35\Scripts\;C:\Program Files\Python35\;C:\ProgramData\Oracle\Java\javapath;C:\Windows\system32;C:\Windows;C:\Windows\System32\Wbem;C:\Windows\System32\WindowsPowerShell\v1.0\;C:\Program Files (x86)\Skype\Phone\;C:\cygwin64\bin;C:\Program Files (x86)\SecureCRT 3.0;C:\Program Files\nodejs\;C:\ProgramData\chocolatey\bin;C:\Program Files\Git\cmd;C:\Program Files\Git\mingw64\bin;C:\Program Files\Git\usr\bin;C:\Program Files (x86)\Windows Kits\8.1\Windows Performance Toolkit\;C:\Program Files\Python35;C:\Program Files\Apache\maven\bin;C:\Program Files\Geth;C:\Users\usman\AppData\Local\Microsoft\WindowsApps;C:\cygwin64\bin;C:\Program Files (x86)\Microsoft VS Code\bin;C:\Users\usman\Downloads\Programs;C:\Users\usman\AppData\Roaming\npm;D:\workspace\apache-maven-3.5.2-bin\apache-maven-3.5.2\bin;C:\Program Files\Python35;C:\Program Files\MongoDB\Server\3.6\bin;C:\Flex Windows\gcc\bin;C:\Flex Windows\Lex\bin;C:\Flex Windows\Bison\bin;
10 verbose lifecycle DataCrypt@1.0.0~start: CWD: D:\GIKI\STUDY\Semester 8\FYP\DataCrypt
11 silly lifecycle DataCrypt@1.0.0~start: Args: [ '/d /s /c', 'nodemon ./server.js' ]
12 verbose stack Error: kill ENOSYS
12 verbose stack     at exports._errnoException (util.js:1020:11)
12 verbose stack     at process.kill (internal/process.js:190:13)
12 verbose stack     at process.listener (C:\Program Files\nodejs\node_modules\npm\node_modules\npmlog\node_modules\gauge\node_modules\signal-exit\index.js:86:15)
12 verbose stack     at emitNone (events.js:91:20)
12 verbose stack     at process.emit (events.js:185:7)
12 verbose stack     at processEmit (C:\Program Files\nodejs\node_modules\npm\node_modules\npmlog\node_modules\gauge\node_modules\signal-exit\index.js:146:32)
12 verbose stack     at processEmit (C:\Program Files\nodejs\node_modules\npm\node_modules\npm-registry-client\node_modules\npmlog\node_modules\gauge\node_modules\signal-exit\index.js:146:32)
12 verbose stack     at Signal.wrap.onsignal (internal/process.js:217:44)
13 verbose cwd D:\GIKI\STUDY\Semester 8\FYP\DataCrypt
14 error Windows_NT 10.0.15063
15 error argv "C:\\Program Files\\nodejs\\node.exe" "C:\\Program Files\\nodejs\\node_modules\\npm\\bin\\npm-cli.js" "start"
16 error node v6.11.3
17 error npm  v3.10.10
18 error code ENOSYS
19 error errno ENOSYS
20 error syscall kill
21 error kill ENOSYS
22 error If you need help, you may report this error at:
22 error     <https://github.com/npm/npm/issues>
23 verbose exit [ 1, true ]
